#
# There is insufficient memory for the Java Runtime Environment to continue.
# Native memory allocation (mmap) failed to map 8589934592 bytes. Error detail: committing reserved memory.
# Possible reasons:
#   The system is out of physical RAM or swap space
#   This process is running with CompressedOops enabled, and the Java Heap may be blocking the growth of the native heap
# Possible solutions:
#   Reduce memory load on the system
#   Increase physical memory or swap space
#   Check if swap backing store is full
#   Decrease Java heap size (-Xmx/-Xms)
#   Decrease number of Java threads
#   Decrease Java thread stack sizes (-Xss)
#   Set larger code cache with -XX:ReservedCodeCacheSize=
#   JVM is running with Zero Based Compressed Oops mode in which the Java heap is
#     placed in the first 32GB address space. The Java Heap base address is the
#     maximum limit for the native heap growth. Please use -XX:HeapBaseMinAddress
#     to set the Java Heap base and to place the Java Heap above 32GB virtual address.
# This output file may be truncated or incomplete.
#
#  Out of Memory Error (os_linux.cpp:2793), pid=19762, tid=19764
#
# JRE version:  (21.0.6+7) (build )
# Java VM: OpenJDK 64-Bit Server VM (21.0.6+7-LTS, mixed mode, sharing, tiered, compressed oops, compressed class ptrs, g1 gc, linux-amd64)
# Core dump will be written. Default location: Core dumps may be processed with "/usr/share/apport/apport -p%p -s%s -c%c -d%d -P%P -u%u -g%g -- %E" (or dumping to /workspaces/Minecraft-Server/core.19762)
#

---------------  S U M M A R Y ------------

Command Line: -Xmx8G -Xms8G server.jar nogui

Host: AMD EPYC 7763 64-Core Processor, 2 cores, 7G, Ubuntu 20.04.6 LTS
Time: Tue Apr 22 18:14:18 2025 UTC elapsed time: 0.041609 seconds (0d 0h 0m 0s)

---------------  T H R E A D  ---------------

Current thread (0x00007b6d5c02a4e0):  JavaThread "Unknown thread" [_thread_in_vm, id=19764, stack(0x00007b6d624d0000,0x00007b6d625d1000) (1028K)]

Stack: [0x00007b6d624d0000,0x00007b6d625d1000],  sp=0x00007b6d625cf4b0,  free space=1021k
Native frames: (J=compiled Java code, j=interpreted, Vv=VM code, C=native code)
V  [libjvm.so+0x100b3b8]  VMError::report_and_die(int, char const*, char const*, __va_list_tag*, Thread*, unsigned char*, void*, void*, char const*, int, unsigned long)+0x2b8  (os_linux.cpp:2793)
V  [libjvm.so+0x100bdad]
V  [libjvm.so+0x6bbe2f]
V  [libjvm.so+0xd071b4]  os::pd_commit_memory_or_exit(char*, unsigned long, unsigned long, bool, char const*)+0xd4
V  [libjvm.so+0xd0062d]  os::commit_memory_or_exit(char*, unsigned long, unsigned long, bool, char const*)+0x1d
V  [libjvm.so+0x818f4b]  G1PageBasedVirtualSpace::commit(unsigned long, unsigned long)+0xfb
V  [libjvm.so+0x82f06f]  G1RegionsLargerThanCommitSizeMapper::commit_regions(unsigned int, unsigned long, WorkerThreads*)+0x9f
V  [libjvm.so+0x8be8f5]  HeapRegionManager::commit_regions(unsigned int, unsigned long, WorkerThreads*)+0x55
V  [libjvm.so+0x8c0562]  HeapRegionManager::expand(unsigned int, unsigned int, WorkerThreads*)+0x32
V  [libjvm.so+0x8c078e]  HeapRegionManager::expand_by(unsigned int, WorkerThreads*)+0x7e
V  [libjvm.so+0x7d341f]  G1CollectedHeap::expand(unsigned long, WorkerThreads*, double*)+0xff
V  [libjvm.so+0x7d3a34]  G1CollectedHeap::initialize()+0x5c4
V  [libjvm.so+0xfad686]  universe_init()+0xd6
V  [libjvm.so+0x8deeb7]  init_globals()+0x37
V  [libjvm.so+0xf8c6d5]  Threads::create_vm(JavaVMInitArgs*, bool*)+0x2b5
V  [libjvm.so+0x9b9a0f]  JNI_CreateJavaVM+0x4f
C  [libjli.so+0x42bb]  JavaMain+0x8b
C  [libjli.so+0x7e09]  ThreadJavaMain+0x9

---------------  P R O C E S S  ---------------

Threads class SMR info:
_java_thread_list=0x00007b6d63c9cdc0, length=0, elements={
}

Java Threads: ( => current thread )
Total: 0

Other Threads:
  0x00007b6d5c0535c0 WorkerThread "GC Thread#0"                     [id=19765, stack(0x00007b6d60ebf000,0x00007b6d60fbf000) (1024K)]
  0x00007b6d5c064b80 ConcurrentGCThread "G1 Main Marker"            [id=19766, stack(0x00007b6d60dbe000,0x00007b6d60ebe000) (1024K)]
  0x00007b6d5c065b20 WorkerThread "G1 Conc#0"                       [id=19767, stack(0x00007b6d60cbd000,0x00007b6d60dbd000) (1024K)]

[error occurred during error reporting (printing all threads), id 0xb, SIGSEGV (0xb) at pc=0x00007b6d62f16370]
VM state: not at safepoint (not fully initialized)

VM Mutex/Monitor currently owned by a thread:  ([mutex/lock_event])
[0x00007b6d63c76c78] Heap_lock - owner thread: 0x00007b6d5c02a4e0

Heap address: 0x0000000600000000, size: 8192 MB, Compressed Oops mode: Zero based, Oop shift amount: 3

CDS archive(s) mapped at: [0x0000000000000000-0x0000000000000000-0x0000000000000000), size 0, SharedBaseAddress: 0x0000000800000000, ArchiveRelocationMode: 1.
Narrow klass base: 0x0000000000000000, Narrow klass shift: 0, Narrow klass range: 0x0

GC Precious Log:
 CardTable entry size: 512
 Card Set container configuration: InlinePtr #cards 4 size 8 Array Of Cards #cards 32 size 80 Howl #buckets 8 coarsen threshold 7372 Howl Bitmap #cards 1024 size 144 coarsen threshold 921 Card regions per heap region 1 cards per card region 8192

Heap:
 garbage-first heap   total 0K, used 0K [0x0000000600000000, 0x0000000800000000)
  region size 4096K, 0 young (0K), 0 survivors (0K)

[error occurred during error reporting (printing heap information), id 0xb, SIGSEGV (0xb) at pc=0x00007b6d634dc9ea]
GC Heap History (0 events):
No events

Dll operation events (1 events):
Event: 0.034 Loaded shared library /usr/local/sdkman/candidates/java/21.0.6-ms/lib/libjava.so

Deoptimization events (0 events):
No events

Classes loaded (0 events):
No events

Classes unloaded (0 events):
No events

Classes redefined (0 events):
No events

Internal exceptions (0 events):
No events

ZGC Phase Switch (0 events):
No events

VM Operations (0 events):
No events

Memory protections (1 events):
Event: 0.029 Protecting memory [0x00007b6d624d0000,0x00007b6d624d4000] with protection modes 0

Nmethod flushes (0 events):
No events

Events (0 events):
No events


Dynamic libraries:
64928b7a6000-64928b7a7000 r-xp 00000000 00:2a 118191                     /usr/local/sdkman/candidates/java/21.0.6-ms/bin/java
64928b7a8000-64928b7a9000 r--p 00001000 00:2a 118191                     /usr/local/sdkman/candidates/java/21.0.6-ms/bin/java
64928b7a9000-64928b7aa000 rw-p 00002000 00:2a 118191                     /usr/local/sdkman/candidates/java/21.0.6-ms/bin/java
6492c6c20000-6492c6c66000 rw-p 00000000 00:00 0                          [heap]
7b6d28000000-7b6d28021000 rw-p 00000000 00:00 0 
7b6d28021000-7b6d2c000000 ---p 00000000 00:00 0 
7b6d2c000000-7b6d2c021000 rw-p 00000000 00:00 0 
7b6d2c021000-7b6d30000000 ---p 00000000 00:00 0 
7b6d34000000-7b6d34021000 rw-p 00000000 00:00 0 
7b6d34021000-7b6d38000000 ---p 00000000 00:00 0 
7b6d39800000-7b6d3b800000 rw-p 00000000 00:00 0 
7b6d3b800000-7b6d44800000 ---p 00000000 00:00 0 
7b6d44800000-7b6d44a70000 rwxp 00000000 00:00 0 
7b6d44a70000-7b6d4bd38000 ---p 00000000 00:00 0 
7b6d4bd38000-7b6d4bfa8000 rwxp 00000000 00:00 0 
7b6d4bfa8000-7b6d4c2c7000 ---p 00000000 00:00 0 
7b6d4c2c7000-7b6d4c537000 rwxp 00000000 00:00 0 
7b6d4c537000-7b6d53800000 ---p 00000000 00:00 0 
7b6d5389c000-7b6d5c000000 r--s 00000000 00:2a 118678                     /usr/local/sdkman/candidates/java/21.0.6-ms/lib/modules
7b6d5c000000-7b6d5c07b000 rw-p 00000000 00:00 0 
7b6d5c07b000-7b6d60000000 ---p 00000000 00:00 0 
7b6d60600000-7b6d608e6000 rw-p 00000000 00:00 0 
7b6d60935000-7b6d60cbc000 rw-p 00000000 00:00 0 
7b6d60cbc000-7b6d60cbd000 ---p 00000000 00:00 0 
7b6d60cbd000-7b6d60dbd000 rw-p 00000000 00:00 0 
7b6d60dbd000-7b6d60dbe000 ---p 00000000 00:00 0 
7b6d60dbe000-7b6d60ebe000 rw-p 00000000 00:00 0 
7b6d60ebe000-7b6d60ebf000 ---p 00000000 00:00 0 
7b6d60ebf000-7b6d60fbf000 rw-p 00000000 00:00 0 
7b6d60fbf000-7b6d61000000 rw-p 00000000 00:00 0 
7b6d61000000-7b6d62000000 ---p 00000000 00:00 0 
7b6d62005000-7b6d62292000 rw-p 00000000 00:00 0 
7b6d62292000-7b6d62378000 ---p 00000000 00:00 0 
7b6d62378000-7b6d6237d000 rw-p 00000000 00:00 0 
7b6d6237d000-7b6d62463000 ---p 00000000 00:00 0 
7b6d62463000-7b6d62468000 rw-p 00000000 00:00 0 
7b6d62468000-7b6d6246f000 ---p 00000000 00:00 0 
7b6d6246f000-7b6d6248f000 r-xp 00000000 00:2a 118653                     /usr/local/sdkman/candidates/java/21.0.6-ms/lib/libjava.so
7b6d6248f000-7b6d62490000 ---p 00020000 00:2a 118653                     /usr/local/sdkman/candidates/java/21.0.6-ms/lib/libjava.so
7b6d62490000-7b6d62491000 r--p 00020000 00:2a 118653                     /usr/local/sdkman/candidates/java/21.0.6-ms/lib/libjava.so
7b6d62491000-7b6d62492000 rw-p 00021000 00:2a 118653                     /usr/local/sdkman/candidates/java/21.0.6-ms/lib/libjava.so
7b6d62492000-7b6d62493000 rw-p 00000000 00:00 0 
7b6d62493000-7b6d62496000 r--p 00000000 00:2a 1052201                    /usr/lib/x86_64-linux-gnu/libnss_files-2.31.so
7b6d62496000-7b6d6249d000 r-xp 00003000 00:2a 1052201                    /usr/lib/x86_64-linux-gnu/libnss_files-2.31.so
7b6d6249d000-7b6d6249f000 r--p 0000a000 00:2a 1052201                    /usr/lib/x86_64-linux-gnu/libnss_files-2.31.so
7b6d6249f000-7b6d624a0000 r--p 0000b000 00:2a 1052201                    /usr/lib/x86_64-linux-gnu/libnss_files-2.31.so
7b6d624a0000-7b6d624a1000 rw-p 0000c000 00:2a 1052201                    /usr/lib/x86_64-linux-gnu/libnss_files-2.31.so
7b6d624a1000-7b6d624a7000 rw-p 00000000 00:00 0 
7b6d624b1000-7b6d624cc000 r-xp 00000000 00:2a 118657                     /usr/local/sdkman/candidates/java/21.0.6-ms/lib/libjimage.so
7b6d624cc000-7b6d624cd000 ---p 0001b000 00:2a 118657                     /usr/local/sdkman/candidates/java/21.0.6-ms/lib/libjimage.so
7b6d624cd000-7b6d624cf000 r--p 0001b000 00:2a 118657                     /usr/local/sdkman/candidates/java/21.0.6-ms/lib/libjimage.so
7b6d624cf000-7b6d624d0000 rw-p 0001d000 00:2a 118657                     /usr/local/sdkman/candidates/java/21.0.6-ms/lib/libjimage.so
7b6d624d0000-7b6d624d4000 ---p 00000000 00:00 0 
7b6d624d4000-7b6d625d1000 rw-p 00000000 00:00 0 
7b6d625d1000-7b6d625de000 r--p 00000000 00:2a 1052190                    /usr/lib/x86_64-linux-gnu/libm-2.31.so
7b6d625de000-7b6d62685000 r-xp 0000d000 00:2a 1052190                    /usr/lib/x86_64-linux-gnu/libm-2.31.so
7b6d62685000-7b6d6271e000 r--p 000b4000 00:2a 1052190                    /usr/lib/x86_64-linux-gnu/libm-2.31.so
7b6d6271e000-7b6d6271f000 r--p 0014c000 00:2a 1052190                    /usr/lib/x86_64-linux-gnu/libm-2.31.so
7b6d6271f000-7b6d62720000 rw-p 0014d000 00:2a 1052190                    /usr/lib/x86_64-linux-gnu/libm-2.31.so
7b6d62720000-7b6d62722000 r--p 00000000 00:2a 1052214                    /usr/lib/x86_64-linux-gnu/librt-2.31.so
7b6d62722000-7b6d62726000 r-xp 00002000 00:2a 1052214                    /usr/lib/x86_64-linux-gnu/librt-2.31.so
7b6d62726000-7b6d62728000 r--p 00006000 00:2a 1052214                    /usr/lib/x86_64-linux-gnu/librt-2.31.so
7b6d62728000-7b6d62729000 r--p 00007000 00:2a 1052214                    /usr/lib/x86_64-linux-gnu/librt-2.31.so
7b6d62729000-7b6d6272a000 rw-p 00008000 00:2a 1052214                    /usr/lib/x86_64-linux-gnu/librt-2.31.so
7b6d6272a000-7b6d63b40000 r-xp 00000000 00:2a 118690                     /usr/local/sdkman/candidates/java/21.0.6-ms/lib/server/libjvm.so
7b6d63b40000-7b6d63b41000 ---p 01416000 00:2a 118690                     /usr/local/sdkman/candidates/java/21.0.6-ms/lib/server/libjvm.so
7b6d63b41000-7b6d63c15000 r--p 01416000 00:2a 118690                     /usr/local/sdkman/candidates/java/21.0.6-ms/lib/server/libjvm.so
7b6d63c15000-7b6d63c45000 rw-p 014ea000 00:2a 118690                     /usr/local/sdkman/candidates/java/21.0.6-ms/lib/server/libjvm.so
7b6d63c45000-7b6d63cad000 rw-p 00000000 00:00 0 
7b6d63cad000-7b6d63ccf000 r--p 00000000 00:2a 1052184                    /usr/lib/x86_64-linux-gnu/libc-2.31.so
7b6d63ccf000-7b6d63e47000 r-xp 00022000 00:2a 1052184                    /usr/lib/x86_64-linux-gnu/libc-2.31.so
7b6d63e47000-7b6d63e95000 r--p 0019a000 00:2a 1052184                    /usr/lib/x86_64-linux-gnu/libc-2.31.so
7b6d63e95000-7b6d63e99000 r--p 001e7000 00:2a 1052184                    /usr/lib/x86_64-linux-gnu/libc-2.31.so
7b6d63e99000-7b6d63e9b000 rw-p 001eb000 00:2a 1052184                    /usr/lib/x86_64-linux-gnu/libc-2.31.so
7b6d63e9b000-7b6d63e9f000 rw-p 00000000 00:00 0 
7b6d63e9f000-7b6d63ea0000 r--p 00000000 00:2a 1052186                    /usr/lib/x86_64-linux-gnu/libdl-2.31.so
7b6d63ea0000-7b6d63ea2000 r-xp 00001000 00:2a 1052186                    /usr/lib/x86_64-linux-gnu/libdl-2.31.so
7b6d63ea2000-7b6d63ea3000 r--p 00003000 00:2a 1052186                    /usr/lib/x86_64-linux-gnu/libdl-2.31.so
7b6d63ea3000-7b6d63ea4000 r--p 00003000 00:2a 1052186                    /usr/lib/x86_64-linux-gnu/libdl-2.31.so
7b6d63ea4000-7b6d63ea5000 rw-p 00004000 00:2a 1052186                    /usr/lib/x86_64-linux-gnu/libdl-2.31.so
7b6d63ea5000-7b6d63eab000 r--p 00000000 00:2a 1052210                    /usr/lib/x86_64-linux-gnu/libpthread-2.31.so
7b6d63eab000-7b6d63ebc000 r-xp 00006000 00:2a 1052210                    /usr/lib/x86_64-linux-gnu/libpthread-2.31.so
7b6d63ebc000-7b6d63ec2000 r--p 00017000 00:2a 1052210                    /usr/lib/x86_64-linux-gnu/libpthread-2.31.so
7b6d63ec2000-7b6d63ec3000 r--p 0001c000 00:2a 1052210                    /usr/lib/x86_64-linux-gnu/libpthread-2.31.so
7b6d63ec3000-7b6d63ec4000 rw-p 0001d000 00:2a 1052210                    /usr/lib/x86_64-linux-gnu/libpthread-2.31.so
7b6d63ec4000-7b6d63ec8000 rw-p 00000000 00:00 0 
7b6d63ec8000-7b6d63ed6000 r-xp 00000000 00:2a 118658                     /usr/local/sdkman/candidates/java/21.0.6-ms/lib/libjli.so
7b6d63ed6000-7b6d63ed7000 ---p 0000e000 00:2a 118658                     /usr/local/sdkman/candidates/java/21.0.6-ms/lib/libjli.so
7b6d63ed7000-7b6d63ed8000 r--p 0000e000 00:2a 118658                     /usr/local/sdkman/candidates/java/21.0.6-ms/lib/libjli.so
7b6d63ed8000-7b6d63ed9000 rw-p 0000f000 00:2a 118658                     /usr/local/sdkman/candidates/java/21.0.6-ms/lib/libjli.so
7b6d63ed9000-7b6d63edb000 r--p 00000000 00:2a 1049643                    /usr/lib/x86_64-linux-gnu/libz.so.1.2.11
7b6d63edb000-7b6d63eec000 r-xp 00002000 00:2a 1049643                    /usr/lib/x86_64-linux-gnu/libz.so.1.2.11
7b6d63eec000-7b6d63ef2000 r--p 00013000 00:2a 1049643                    /usr/lib/x86_64-linux-gnu/libz.so.1.2.11
7b6d63ef2000-7b6d63ef3000 ---p 00019000 00:2a 1049643                    /usr/lib/x86_64-linux-gnu/libz.so.1.2.11
7b6d63ef3000-7b6d63ef4000 r--p 00019000 00:2a 1049643                    /usr/lib/x86_64-linux-gnu/libz.so.1.2.11
7b6d63ef4000-7b6d63ef5000 rw-p 0001a000 00:2a 1049643                    /usr/lib/x86_64-linux-gnu/libz.so.1.2.11
7b6d63ef5000-7b6d63efd000 rw-s 00000000 08:21 1966095                    /tmp/hsperfdata_codespace/19762
7b6d63efd000-7b6d63efe000 ---p 00000000 00:00 0 
7b6d63efe000-7b6d63eff000 r--p 00000000 00:00 0 
7b6d63eff000-7b6d63f01000 rw-p 00000000 00:00 0 
7b6d63f01000-7b6d63f02000 r--p 00000000 00:2a 1052177                    /usr/lib/x86_64-linux-gnu/ld-2.31.so
7b6d63f02000-7b6d63f25000 r-xp 00001000 00:2a 1052177                    /usr/lib/x86_64-linux-gnu/ld-2.31.so
7b6d63f25000-7b6d63f2d000 r--p 00024000 00:2a 1052177                    /usr/lib/x86_64-linux-gnu/ld-2.31.so
7b6d63f2d000-7b6d63f2e000 ---p 00000000 00:00 0 
7b6d63f2e000-7b6d63f2f000 r--p 0002c000 00:2a 1052177                    /usr/lib/x86_64-linux-gnu/ld-2.31.so
7b6d63f2f000-7b6d63f30000 rw-p 0002d000 00:2a 1052177                    /usr/lib/x86_64-linux-gnu/ld-2.31.so
7b6d63f30000-7b6d63f31000 rw-p 00000000 00:00 0 
7ffc4c431000-7ffc4c453000 rw-p 00000000 00:00 0                          [stack]
7ffc4c59e000-7ffc4c5a2000 r--p 00000000 00:00 0                          [vvar]
7ffc4c5a2000-7ffc4c5a4000 r-xp 00000000 00:00 0                          [vdso]
ffffffffff600000-ffffffffff601000 --xp 00000000 00:00 0                  [vsyscall]
Total number of mappings: 111


VM Arguments:
jvm_args: -Xmx8G -Xms8G 
java_command: server.jar nogui
java_class_path (initial): server.jar
Launcher Type: SUN_STANDARD

[Global flags]
     intx CICompilerCount                          = 2                                         {product} {ergonomic}
     uint ConcGCThreads                            = 1                                         {product} {ergonomic}
     uint G1ConcRefinementThreads                  = 2                                         {product} {ergonomic}
   size_t G1HeapRegionSize                         = 4194304                                   {product} {ergonomic}
    uintx GCDrainStackTargetSize                   = 64                                        {product} {ergonomic}
   size_t InitialHeapSize                          = 8589934592                                {product} {command line}
   size_t MarkStackSize                            = 4194304                                   {product} {ergonomic}
   size_t MaxHeapSize                              = 8589934592                                {product} {command line}
   size_t MinHeapDeltaBytes                        = 4194304                                   {product} {ergonomic}
   size_t MinHeapSize                              = 8589934592                                {product} {command line}
    uintx NonNMethodCodeHeapSize                   = 5826188                                {pd product} {ergonomic}
    uintx NonProfiledCodeHeapSize                  = 122916026                              {pd product} {ergonomic}
    uintx ProfiledCodeHeapSize                     = 122916026                              {pd product} {ergonomic}
    uintx ReservedCodeCacheSize                    = 251658240                              {pd product} {ergonomic}
     bool SegmentedCodeCache                       = true                                      {product} {ergonomic}
   size_t SoftMaxHeapSize                          = 8589934592                             {manageable} {ergonomic}
     bool UseCompressedOops                        = true                           {product lp64_product} {ergonomic}
     bool UseG1GC                                  = true                                      {product} {ergonomic}

Logging:
Log output configuration:
 #0: stdout all=warning uptime,level,tags foldmultilines=false
 #1: stderr all=off uptime,level,tags foldmultilines=false

Environment Variables:
JAVA_HOME=/usr/local/sdkman/candidates/java/current
PATH=/usr/local/rvm/gems/ruby-3.3.4/bin:/usr/local/rvm/gems/ruby-3.3.4@global/bin:/usr/local/rvm/rubies/ruby-3.3.4/bin:/vscode/bin/linux-x64/17baf841131aa23349f217ca7c570c76ee87b957/bin/remote-cli:/home/codespace/.local/bin:/home/codespace/.dotnet:/home/codespace/nvm/current/bin:/home/codespace/.php/current/bin:/home/codespace/.python/current/bin:/home/codespace/java/current/bin:/home/codespace/.ruby/current/bin:/home/codespace/.local/bin:/usr/local/python/current/bin:/usr/local/py-utils/bin:/usr/local/jupyter:/usr/local/oryx:/usr/local/go/bin:/go/bin:/usr/local/sdkman/bin:/usr/local/sdkman/candidates/java/current/bin:/usr/local/sdkman/candidates/gradle/current/bin:/usr/local/sdkman/candidates/maven/current/bin:/usr/local/sdkman/candidates/ant/current/bin:/usr/local/rvm/gems/default/bin:/usr/local/rvm/gems/default@global/bin:/usr/local/rvm/rubies/default/bin:/usr/local/share/rbenv/bin:/usr/local/php/current/bin:/opt/conda/bin:/usr/local/nvs:/usr/local/share/nvm/versions/node/v20.19.0/bin:/usr/local/hugo/bin:/usr/local/sbin:/usr/local/bin:/usr/sbin:/usr/bin:/sbin:/bin:/usr/share/dotnet:/home/codespace/.dotnet/tools:/usr/local/rvm/bin
SHELL=/bin/bash
LANG=C.UTF-8
TERM=xterm-256color

Active Locale:
LC_ALL=C
LC_COLLATE=C
LC_CTYPE=C
LC_MESSAGES=C
LC_MONETARY=C
LC_NUMERIC=C
LC_TIME=C

Signal Handlers:
   SIGSEGV: crash_handler in libjvm.so, mask=11100100010111111101111111111110, flags=SA_RESTART|SA_SIGINFO, unblocked
    SIGBUS: crash_handler in libjvm.so, mask=11100100010111111101111111111110, flags=SA_RESTART|SA_SIGINFO, unblocked
    SIGFPE: crash_handler in libjvm.so, mask=11100100010111111101111111111110, flags=SA_RESTART|SA_SIGINFO, unblocked
   SIGPIPE: javaSignalHandler in libjvm.so, mask=11100100010111111101111111111110, flags=SA_RESTART|SA_SIGINFO, blocked
   SIGXFSZ: javaSignalHandler in libjvm.so, mask=11100100010111111101111111111110, flags=SA_RESTART|SA_SIGINFO, blocked
    SIGILL: crash_handler in libjvm.so, mask=11100100010111111101111111111110, flags=SA_RESTART|SA_SIGINFO, unblocked
   SIGUSR2: SR_handler in libjvm.so, mask=00000000000000000000000000000000, flags=SA_RESTART|SA_SIGINFO, blocked
    SIGHUP: SIG_DFL, mask=00000000000000000000000000000000, flags=none, blocked
    SIGINT: SIG_DFL, mask=00000000000000000000000000000000, flags=none, blocked
   SIGTERM: SIG_DFL, mask=00000000000000000000000000000000, flags=none, blocked
   SIGQUIT: UserHandler in libjvm.so, mask=11100100010111111101111111111110, flags=SA_RESTART|SA_SIGINFO, blocked
   SIGTRAP: crash_handler in libjvm.so, mask=11100100010111111101111111111110, flags=SA_RESTART|SA_SIGINFO, unblocked


Periodic native trim disabled

---------------  S Y S T E M  ---------------

OS:
DISTRIB_ID=Ubuntu
DISTRIB_RELEASE=20.04
DISTRIB_CODENAME=focal
DISTRIB_DESCRIPTION="Ubuntu 20.04.6 LTS"
uname: Linux 6.8.0-1026-azure #31~22.04.1-Ubuntu SMP Thu Mar 20 04:12:50 UTC 2025 x86_64
OS uptime: 0 days 0:38 hours
libc: glibc 2.31 NPTL 2.31 
rlimit (soft/hard): STACK 8192k/infinity , CORE infinity/infinity , NPROC infinity/infinity , NOFILE 1048576/1048576 , AS infinity/infinity , CPU infinity/infinity , DATA infinity/infinity , FSIZE infinity/infinity , MEMLOCK 8192k/8192k
load average: 0.51 0.34 0.36

/proc/meminfo:
MemTotal:        8129224 kB
MemFree:          247912 kB
MemAvailable:    6391836 kB
Buffers:          265216 kB
Cached:          5998240 kB
SwapCached:            0 kB
Active:          1907064 kB
Inactive:        5493416 kB
Active(anon):     883020 kB
Inactive(anon):   325440 kB
Active(file):    1024044 kB
Inactive(file):  5167976 kB
Unevictable:       27856 kB
Mlocked:           27856 kB
SwapTotal:             0 kB
SwapFree:              0 kB
Zswap:                 0 kB
Zswapped:              0 kB
Dirty:              2420 kB
Writeback:             0 kB
AnonPages:       1140792 kB
Mapped:           500200 kB
Shmem:             62344 kB
KReclaimable:     265724 kB
Slab:             357332 kB
SReclaimable:     265724 kB
SUnreclaim:        91608 kB
KernelStack:        6832 kB
PageTables:        20304 kB
SecPageTables:         0 kB
NFS_Unstable:          0 kB
Bounce:                0 kB
WritebackTmp:          0 kB
CommitLimit:     4064612 kB
Committed_AS:    2934052 kB
VmallocTotal:   34359738367 kB
VmallocUsed:       39876 kB
VmallocChunk:          0 kB
Percpu:             1160 kB
HardwareCorrupted:     0 kB
AnonHugePages:    595968 kB
ShmemHugePages:        0 kB
ShmemPmdMapped:        0 kB
FileHugePages:         0 kB
FilePmdMapped:         0 kB
Unaccepted:            0 kB
HugePages_Total:       0
HugePages_Free:        0
HugePages_Rsvd:        0
HugePages_Surp:        0
Hugepagesize:       2048 kB
Hugetlb:               0 kB
DirectMap4k:      114624 kB
DirectMap2M:     3031040 kB
DirectMap1G:     7340032 kB

/sys/kernel/mm/transparent_hugepage/enabled: [always] madvise never
/sys/kernel/mm/transparent_hugepage/hpage_pmd_size: 2097152
/sys/kernel/mm/transparent_hugepage/defrag (defrag/compaction efforts parameter): always defer defer+madvise [madvise] never

Process Memory:
Virtual Size: 885408K (peak: 9269492K)
Resident Set Size: 20188K (peak: 20188K) (anon: 6876K, file: 13312K, shmem: 0K)
Swapped out: 0K
C-Heap outstanding allocations: 9738K, retained: 605K
glibc malloc tunables: (default)

/proc/sys/kernel/threads-max (system-wide limit on the number of threads): 63466
/proc/sys/vm/max_map_count (maximum number of memory map areas a process may have): 65530
/proc/sys/vm/swappiness (control to define how aggressively the kernel swaps out anonymous memory): 60
/proc/sys/kernel/pid_max (system-wide limit on number of process identifiers): 4194304

container (cgroup) information:
container_type: cgroupv2
cpu_cpuset_cpus: not supported
cpu_memory_nodes: not supported
active_processor_count: 2
cpu_quota: no quota
cpu_period: 100000
cpu_shares: no shares
memory_limit_in_bytes: unlimited
memory_and_swap_limit_in_bytes: unlimited
memory_soft_limit_in_bytes: unlimited
memory_usage_in_bytes: 1737648 k
memory_max_usage_in_bytes: not supported
memory_swap_current_in_bytes: unlimited
memory_swap_max_limit_in_bytes: unlimited
maximum number of tasks: unlimited
current number of tasks: 107

Hyper-V virtualization detected
Steal ticks since vm start: 0
Steal ticks percentage since vm start:  0.000

CPU: total 2 (initial active 2) (16 cores per cpu, 2 threads per core) family 25 model 1 stepping 1 microcode 0xffffffff, cx8, cmov, fxsr, ht, mmx, 3dnowpref, sse, sse2, sse3, ssse3, sse4a, sse4.1, sse4.2, popcnt, lzcnt, tsc, tscinvbit, avx, avx2, aes, erms, clmul, bmi1, bmi2, adx, sha, fma, vzeroupper, clflush, clflushopt, hv, rdtscp, rdpid, fsrm, f16c, cet_ss
CPU Model and flags from /proc/cpuinfo:
model name	: AMD EPYC 7763 64-Core Processor
flags		: fpu vme de pse tsc msr pae mce cx8 apic sep mtrr pge mca cmov pat pse36 clflush mmx fxsr sse sse2 ht syscall nx mmxext fxsr_opt pdpe1gb rdtscp lm constant_tsc rep_good nopl tsc_reliable nonstop_tsc cpuid extd_apicid aperfmperf tsc_known_freq pni pclmulqdq ssse3 fma cx16 pcid sse4_1 sse4_2 movbe popcnt aes xsave avx f16c rdrand hypervisor lahf_lm cmp_legacy svm cr8_legacy abm sse4a misalignsse 3dnowprefetch osvw topoext vmmcall fsgsbase bmi1 avx2 smep bmi2 erms invpcid rdseed adx smap clflushopt clwb sha_ni xsaveopt xsavec xgetbv1 xsaves user_shstk clzero xsaveerptr rdpru arat npt nrip_save tsc_scale vmcb_clean flushbyasid decodeassists pausefilter pfthreshold v_vmsave_vmload umip vaes vpclmulqdq rdpid fsrm

Online cpus: 0-1
Offline cpus: 
BIOS frequency limitation: <Not Available>
Frequency switch latency (ns): <Not Available>
Available cpu frequencies: <Not Available>
Current governor: <Not Available>
Core performance/turbo boost: <Not Available>

Memory: 4k page, physical 8129224k(6391836k free), swap 0k(0k free)
Page Sizes: 4k

vm_info: OpenJDK 64-Bit Server VM (21.0.6+7-LTS) for linux-amd64 JRE (21.0.6+7-LTS), built on 2025-01-08T22:59:09Z by "MicrosoftCorporation" with gcc 11.3.0

END.
