#
# There is insufficient memory for the Java Runtime Environment to continue.
# Native memory allocation (mmap) failed to map 8589934592 bytes. Error detail: committing reserved memory.
# Possible reasons:
#   The system is out of physical RAM or swap space
#   This process is running with CompressedOops enabled, and the Java Heap may be blocking the growth of the native heap
# Possible solutions:
#   Reduce memory load on the system
#   Increase physical memory or swap space
#   Check if swap backing store is full
#   Decrease Java heap size (-Xmx/-Xms)
#   Decrease number of Java threads
#   Decrease Java thread stack sizes (-Xss)
#   Set larger code cache with -XX:ReservedCodeCacheSize=
#   JVM is running with Zero Based Compressed Oops mode in which the Java heap is
#     placed in the first 32GB address space. The Java Heap base address is the
#     maximum limit for the native heap growth. Please use -XX:HeapBaseMinAddress
#     to set the Java Heap base and to place the Java Heap above 32GB virtual address.
# This output file may be truncated or incomplete.
#
#  Out of Memory Error (os_linux.cpp:2793), pid=9607, tid=9608
#
# JRE version:  (21.0.5+11) (build )
# Java VM: OpenJDK 64-Bit Server VM (21.0.5+11-LTS, mixed mode, sharing, tiered, compressed oops, compressed class ptrs, g1 gc, linux-amd64)
# Core dump will be written. Default location: Core dumps may be processed with "/usr/share/apport/apport -p%p -s%s -c%c -d%d -P%P -u%u -g%g -- %E" (or dumping to /workspaces/Minecraft-Server/core.9607)
#

---------------  S U M M A R Y ------------

Command Line: -Xmx8G -Xms8G server.jar nogui

Host: AMD EPYC 7763 64-Core Processor, 2 cores, 7G, Ubuntu 20.04.6 LTS
Time: Fri Dec 20 09:34:23 2024 UTC elapsed time: 0.004823 seconds (0d 0h 0m 0s)

---------------  T H R E A D  ---------------

Current thread (0x00007a9d7c02a4e0):  JavaThread "Unknown thread" [_thread_in_vm, id=9608, stack(0x00007a9d83da8000,0x00007a9d83ea9000) (1028K)]

Stack: [0x00007a9d83da8000,0x00007a9d83ea9000],  sp=0x00007a9d83ea74b0,  free space=1021k
Native frames: (J=compiled Java code, j=interpreted, Vv=VM code, C=native code)
V  [libjvm.so+0x10127d8]  VMError::report_and_die(int, char const*, char const*, __va_list_tag*, Thread*, unsigned char*, void*, void*, char const*, int, unsigned long)+0x2b8  (os_linux.cpp:2793)
V  [libjvm.so+0x10131cd]
V  [libjvm.so+0x6bca3f]
V  [libjvm.so+0xd0b7c4]  os::pd_commit_memory_or_exit(char*, unsigned long, unsigned long, bool, char const*)+0xd4
V  [libjvm.so+0xd04bcd]  os::commit_memory_or_exit(char*, unsigned long, unsigned long, bool, char const*)+0x1d
V  [libjvm.so+0x8193eb]  G1PageBasedVirtualSpace::commit(unsigned long, unsigned long)+0xfb
V  [libjvm.so+0x82f65f]  G1RegionsLargerThanCommitSizeMapper::commit_regions(unsigned int, unsigned long, WorkerThreads*)+0x9f
V  [libjvm.so+0x8bf725]  HeapRegionManager::commit_regions(unsigned int, unsigned long, WorkerThreads*)+0x55
V  [libjvm.so+0x8c1392]  HeapRegionManager::expand(unsigned int, unsigned int, WorkerThreads*)+0x32
V  [libjvm.so+0x8c15be]  HeapRegionManager::expand_by(unsigned int, WorkerThreads*)+0x7e
V  [libjvm.so+0x7d375f]  G1CollectedHeap::expand(unsigned long, WorkerThreads*, double*)+0xff
V  [libjvm.so+0x7d3d74]  G1CollectedHeap::initialize()+0x5c4
V  [libjvm.so+0xfb40d6]  universe_init()+0xd6
V  [libjvm.so+0x8dff37]  init_globals()+0x37
V  [libjvm.so+0xf92c85]  Threads::create_vm(JavaVMInitArgs*, bool*)+0x2b5
V  [libjvm.so+0x9bc52f]  JNI_CreateJavaVM+0x4f
C  [libjli.so+0x42cb]  JavaMain+0x8b
C  [libjli.so+0x7e49]  ThreadJavaMain+0x9

---------------  P R O C E S S  ---------------

Threads class SMR info:
_java_thread_list=0x00007a9d8557af40, length=0, elements={
}

Java Threads: ( => current thread )
Total: 0

Other Threads:
  0x00007a9d7c0535c0 WorkerThread "GC Thread#0"                     [id=9609, stack(0x00007a9d8179c000,0x00007a9d8189c000) (1024K)]
  0x00007a9d7c064b80 ConcurrentGCThread "G1 Main Marker"            [id=9610, stack(0x00007a9d8169b000,0x00007a9d8179b000) (1024K)]
  0x00007a9d7c065b20 WorkerThread "G1 Conc#0"                       [id=9611, stack(0x00007a9d8159a000,0x00007a9d8169a000) (1024K)]

[error occurred during error reporting (printing all threads), id 0xb, SIGSEGV (0xb) at pc=0x00007a9d847ee680]
VM state: not at safepoint (not fully initialized)

VM Mutex/Monitor currently owned by a thread:  ([mutex/lock_event])
[0x00007a9d85554dd8] Heap_lock - owner thread: 0x00007a9d7c02a4e0

Heap address: 0x0000000600000000, size: 8192 MB, Compressed Oops mode: Zero based, Oop shift amount: 3

CDS archive(s) mapped at: [0x0000000000000000-0x0000000000000000-0x0000000000000000), size 0, SharedBaseAddress: 0x0000000800000000, ArchiveRelocationMode: 1.
Narrow klass base: 0x0000000000000000, Narrow klass shift: 0, Narrow klass range: 0x0

GC Precious Log:
 CardTable entry size: 512
 Card Set container configuration: InlinePtr #cards 4 size 8 Array Of Cards #cards 32 size 80 Howl #buckets 8 coarsen threshold 7372 Howl Bitmap #cards 1024 size 144 coarsen threshold 921 Card regions per heap region 1 cards per card region 8192

Heap:
 garbage-first heap   total 0K, used 0K [0x0000000600000000, 0x0000000800000000)
  region size 4096K, 0 young (0K), 0 survivors (0K)

[error occurred during error reporting (printing heap information), id 0xb, SIGSEGV (0xb) at pc=0x00007a9d84db949a]
GC Heap History (0 events):
No events

Dll operation events (1 events):
Event: 0.002 Loaded shared library /usr/local/sdkman/candidates/java/21.0.5-ms/lib/libjava.so

Deoptimization events (0 events):
No events

Classes loaded (0 events):
No events

Classes unloaded (0 events):
No events

Classes redefined (0 events):
No events

Internal exceptions (0 events):
No events

ZGC Phase Switch (0 events):
No events

VM Operations (0 events):
No events

Memory protections (1 events):
Event: 0.001 Protecting memory [0x00007a9d83da8000,0x00007a9d83dac000] with protection modes 0

Nmethod flushes (0 events):
No events

Events (0 events):
No events


Dynamic libraries:
585eb4c1c000-585eb4c1d000 r-xp 00000000 07:04 551434                     /usr/local/sdkman/candidates/java/21.0.5-ms/bin/java
585eb4c1e000-585eb4c1f000 r--p 00001000 07:04 551434                     /usr/local/sdkman/candidates/java/21.0.5-ms/bin/java
585eb4c1f000-585eb4c20000 rw-p 00002000 07:04 551434                     /usr/local/sdkman/candidates/java/21.0.5-ms/bin/java
585eb6563000-585eb65a9000 rw-p 00000000 00:00 0                          [heap]
7a9d4e000000-7a9d50000000 rw-p 00000000 00:00 0 
7a9d50000000-7a9d50021000 rw-p 00000000 00:00 0 
7a9d50021000-7a9d54000000 ---p 00000000 00:00 0 
7a9d54000000-7a9d54021000 rw-p 00000000 00:00 0 
7a9d54021000-7a9d58000000 ---p 00000000 00:00 0 
7a9d58000000-7a9d58021000 rw-p 00000000 00:00 0 
7a9d58021000-7a9d5c000000 ---p 00000000 00:00 0 
7a9d5c89d000-7a9d6489d000 ---p 00000000 00:00 0 
7a9d6489d000-7a9d64b0d000 rwxp 00000000 00:00 0 
7a9d64b0d000-7a9d6bdd5000 ---p 00000000 00:00 0 
7a9d6bdd5000-7a9d6c045000 rwxp 00000000 00:00 0 
7a9d6c045000-7a9d6c364000 ---p 00000000 00:00 0 
7a9d6c364000-7a9d6c5d4000 rwxp 00000000 00:00 0 
7a9d6c5d4000-7a9d7389d000 ---p 00000000 00:00 0 
7a9d7389d000-7a9d7c000000 r--s 00000000 07:04 551921                     /usr/local/sdkman/candidates/java/21.0.5-ms/lib/modules
7a9d7c000000-7a9d7c07b000 rw-p 00000000 00:00 0 
7a9d7c07b000-7a9d80000000 ---p 00000000 00:00 0 
7a9d80f34000-7a9d81599000 rw-p 00000000 00:00 0 
7a9d81599000-7a9d8159a000 ---p 00000000 00:00 0 
7a9d8159a000-7a9d8169a000 rw-p 00000000 00:00 0 
7a9d8169a000-7a9d8169b000 ---p 00000000 00:00 0 
7a9d8169b000-7a9d8179b000 rw-p 00000000 00:00 0 
7a9d8179b000-7a9d8179c000 ---p 00000000 00:00 0 
7a9d8179c000-7a9d81922000 rw-p 00000000 00:00 0 
7a9d81922000-7a9d83922000 ---p 00000000 00:00 0 
7a9d83922000-7a9d83b6a000 rw-p 00000000 00:00 0 
7a9d83b6a000-7a9d83c50000 ---p 00000000 00:00 0 
7a9d83c50000-7a9d83c55000 rw-p 00000000 00:00 0 
7a9d83c55000-7a9d83d3b000 ---p 00000000 00:00 0 
7a9d83d3b000-7a9d83d40000 rw-p 00000000 00:00 0 
7a9d83d40000-7a9d83d47000 ---p 00000000 00:00 0 
7a9d83d47000-7a9d83d67000 r-xp 00000000 07:04 551896                     /usr/local/sdkman/candidates/java/21.0.5-ms/lib/libjava.so
7a9d83d67000-7a9d83d68000 ---p 00020000 07:04 551896                     /usr/local/sdkman/candidates/java/21.0.5-ms/lib/libjava.so
7a9d83d68000-7a9d83d69000 r--p 00020000 07:04 551896                     /usr/local/sdkman/candidates/java/21.0.5-ms/lib/libjava.so
7a9d83d69000-7a9d83d6a000 rw-p 00021000 07:04 551896                     /usr/local/sdkman/candidates/java/21.0.5-ms/lib/libjava.so
7a9d83d6a000-7a9d83d6b000 rw-p 00000000 00:00 0 
7a9d83d6b000-7a9d83d6e000 r--p 00000000 07:04 132074                     /usr/lib/x86_64-linux-gnu/libnss_files-2.31.so
7a9d83d6e000-7a9d83d75000 r-xp 00003000 07:04 132074                     /usr/lib/x86_64-linux-gnu/libnss_files-2.31.so
7a9d83d75000-7a9d83d77000 r--p 0000a000 07:04 132074                     /usr/lib/x86_64-linux-gnu/libnss_files-2.31.so
7a9d83d77000-7a9d83d78000 r--p 0000b000 07:04 132074                     /usr/lib/x86_64-linux-gnu/libnss_files-2.31.so
7a9d83d78000-7a9d83d79000 rw-p 0000c000 07:04 132074                     /usr/lib/x86_64-linux-gnu/libnss_files-2.31.so
7a9d83d79000-7a9d83d7f000 rw-p 00000000 00:00 0 
7a9d83d89000-7a9d83da4000 r-xp 00000000 07:04 551900                     /usr/local/sdkman/candidates/java/21.0.5-ms/lib/libjimage.so
7a9d83da4000-7a9d83da5000 ---p 0001b000 07:04 551900                     /usr/local/sdkman/candidates/java/21.0.5-ms/lib/libjimage.so
7a9d83da5000-7a9d83da7000 r--p 0001b000 07:04 551900                     /usr/local/sdkman/candidates/java/21.0.5-ms/lib/libjimage.so
7a9d83da7000-7a9d83da8000 rw-p 0001d000 07:04 551900                     /usr/local/sdkman/candidates/java/21.0.5-ms/lib/libjimage.so
7a9d83da8000-7a9d83dac000 ---p 00000000 00:00 0 
7a9d83dac000-7a9d83ea9000 rw-p 00000000 00:00 0 
7a9d83ea9000-7a9d83eb6000 r--p 00000000 07:04 132051                     /usr/lib/x86_64-linux-gnu/libm-2.31.so
7a9d83eb6000-7a9d83f5d000 r-xp 0000d000 07:04 132051                     /usr/lib/x86_64-linux-gnu/libm-2.31.so
7a9d83f5d000-7a9d83ff6000 r--p 000b4000 07:04 132051                     /usr/lib/x86_64-linux-gnu/libm-2.31.so
7a9d83ff6000-7a9d83ff7000 r--p 0014c000 07:04 132051                     /usr/lib/x86_64-linux-gnu/libm-2.31.so
7a9d83ff7000-7a9d83ff8000 rw-p 0014d000 07:04 132051                     /usr/lib/x86_64-linux-gnu/libm-2.31.so
7a9d83ff8000-7a9d83ffa000 r--p 00000000 07:04 132107                     /usr/lib/x86_64-linux-gnu/librt-2.31.so
7a9d83ffa000-7a9d83ffe000 r-xp 00002000 07:04 132107                     /usr/lib/x86_64-linux-gnu/librt-2.31.so
7a9d83ffe000-7a9d84000000 r--p 00006000 07:04 132107                     /usr/lib/x86_64-linux-gnu/librt-2.31.so
7a9d84000000-7a9d84001000 r--p 00007000 07:04 132107                     /usr/lib/x86_64-linux-gnu/librt-2.31.so
7a9d84001000-7a9d84002000 rw-p 00008000 07:04 132107                     /usr/lib/x86_64-linux-gnu/librt-2.31.so
7a9d84002000-7a9d8541e000 r-xp 00000000 07:04 551933                     /usr/local/sdkman/candidates/java/21.0.5-ms/lib/server/libjvm.so
7a9d8541e000-7a9d8541f000 ---p 0141c000 07:04 551933                     /usr/local/sdkman/candidates/java/21.0.5-ms/lib/server/libjvm.so
7a9d8541f000-7a9d854f3000 r--p 0141c000 07:04 551933                     /usr/local/sdkman/candidates/java/21.0.5-ms/lib/server/libjvm.so
7a9d854f3000-7a9d85523000 rw-p 014f0000 07:04 551933                     /usr/local/sdkman/candidates/java/21.0.5-ms/lib/server/libjvm.so
7a9d85523000-7a9d8558b000 rw-p 00000000 00:00 0 
7a9d8558b000-7a9d855ad000 r--p 00000000 07:04 132009                     /usr/lib/x86_64-linux-gnu/libc-2.31.so
7a9d855ad000-7a9d85725000 r-xp 00022000 07:04 132009                     /usr/lib/x86_64-linux-gnu/libc-2.31.so
7a9d85725000-7a9d85773000 r--p 0019a000 07:04 132009                     /usr/lib/x86_64-linux-gnu/libc-2.31.so
7a9d85773000-7a9d85777000 r--p 001e7000 07:04 132009                     /usr/lib/x86_64-linux-gnu/libc-2.31.so
7a9d85777000-7a9d85779000 rw-p 001eb000 07:04 132009                     /usr/lib/x86_64-linux-gnu/libc-2.31.so
7a9d85779000-7a9d8577d000 rw-p 00000000 00:00 0 
7a9d8577d000-7a9d8577e000 r--p 00000000 07:04 132020                     /usr/lib/x86_64-linux-gnu/libdl-2.31.so
7a9d8577e000-7a9d85780000 r-xp 00001000 07:04 132020                     /usr/lib/x86_64-linux-gnu/libdl-2.31.so
7a9d85780000-7a9d85781000 r--p 00003000 07:04 132020                     /usr/lib/x86_64-linux-gnu/libdl-2.31.so
7a9d85781000-7a9d85782000 r--p 00003000 07:04 132020                     /usr/lib/x86_64-linux-gnu/libdl-2.31.so
7a9d85782000-7a9d85783000 rw-p 00004000 07:04 132020                     /usr/lib/x86_64-linux-gnu/libdl-2.31.so
7a9d85783000-7a9d85789000 r--p 00000000 07:04 132103                     /usr/lib/x86_64-linux-gnu/libpthread-2.31.so
7a9d85789000-7a9d8579a000 r-xp 00006000 07:04 132103                     /usr/lib/x86_64-linux-gnu/libpthread-2.31.so
7a9d8579a000-7a9d857a0000 r--p 00017000 07:04 132103                     /usr/lib/x86_64-linux-gnu/libpthread-2.31.so
7a9d857a0000-7a9d857a1000 r--p 0001c000 07:04 132103                     /usr/lib/x86_64-linux-gnu/libpthread-2.31.so
7a9d857a1000-7a9d857a2000 rw-p 0001d000 07:04 132103                     /usr/lib/x86_64-linux-gnu/libpthread-2.31.so
7a9d857a2000-7a9d857a6000 rw-p 00000000 00:00 0 
7a9d857a6000-7a9d857b4000 r-xp 00000000 07:04 551901                     /usr/local/sdkman/candidates/java/21.0.5-ms/lib/libjli.so
7a9d857b4000-7a9d857b5000 ---p 0000e000 07:04 551901                     /usr/local/sdkman/candidates/java/21.0.5-ms/lib/libjli.so
7a9d857b5000-7a9d857b6000 r--p 0000e000 07:04 551901                     /usr/local/sdkman/candidates/java/21.0.5-ms/lib/libjli.so
7a9d857b6000-7a9d857b7000 rw-p 0000f000 07:04 551901                     /usr/local/sdkman/candidates/java/21.0.5-ms/lib/libjli.so
7a9d857b7000-7a9d857b9000 r--p 00000000 07:04 132139                     /usr/lib/x86_64-linux-gnu/libz.so.1.2.11
7a9d857b9000-7a9d857ca000 r-xp 00002000 07:04 132139                     /usr/lib/x86_64-linux-gnu/libz.so.1.2.11
7a9d857ca000-7a9d857d0000 r--p 00013000 07:04 132139                     /usr/lib/x86_64-linux-gnu/libz.so.1.2.11
7a9d857d0000-7a9d857d1000 ---p 00019000 07:04 132139                     /usr/lib/x86_64-linux-gnu/libz.so.1.2.11
7a9d857d1000-7a9d857d2000 r--p 00019000 07:04 132139                     /usr/lib/x86_64-linux-gnu/libz.so.1.2.11
7a9d857d2000-7a9d857d3000 rw-p 0001a000 07:04 132139                     /usr/lib/x86_64-linux-gnu/libz.so.1.2.11
7a9d857d3000-7a9d857db000 rw-s 00000000 08:01 1572867                    /tmp/hsperfdata_root/9607
7a9d857db000-7a9d857dc000 ---p 00000000 00:00 0 
7a9d857dc000-7a9d857dd000 r--p 00000000 00:00 0 
7a9d857dd000-7a9d857df000 rw-p 00000000 00:00 0 
7a9d857df000-7a9d857e0000 r--p 00000000 07:04 131987                     /usr/lib/x86_64-linux-gnu/ld-2.31.so
7a9d857e0000-7a9d85803000 r-xp 00001000 07:04 131987                     /usr/lib/x86_64-linux-gnu/ld-2.31.so
7a9d85803000-7a9d8580b000 r--p 00024000 07:04 131987                     /usr/lib/x86_64-linux-gnu/ld-2.31.so
7a9d8580b000-7a9d8580c000 ---p 00000000 00:00 0 
7a9d8580c000-7a9d8580d000 r--p 0002c000 07:04 131987                     /usr/lib/x86_64-linux-gnu/ld-2.31.so
7a9d8580d000-7a9d8580e000 rw-p 0002d000 07:04 131987                     /usr/lib/x86_64-linux-gnu/ld-2.31.so
7a9d8580e000-7a9d8580f000 rw-p 00000000 00:00 0 
7ffd096ed000-7ffd0970f000 rw-p 00000000 00:00 0                          [stack]
7ffd097bf000-7ffd097c3000 r--p 00000000 00:00 0                          [vvar]
7ffd097c3000-7ffd097c5000 r-xp 00000000 00:00 0                          [vdso]
ffffffffff600000-ffffffffff601000 --xp 00000000 00:00 0                  [vsyscall]
Total number of mappings: 109


VM Arguments:
jvm_args: -Xmx8G -Xms8G 
java_command: server.jar nogui
java_class_path (initial): server.jar
Launcher Type: SUN_STANDARD

[Global flags]
     intx CICompilerCount                          = 2                                         {product} {ergonomic}
     uint ConcGCThreads                            = 1                                         {product} {ergonomic}
     uint G1ConcRefinementThreads                  = 2                                         {product} {ergonomic}
   size_t G1HeapRegionSize                         = 4194304                                   {product} {ergonomic}
    uintx GCDrainStackTargetSize                   = 64                                        {product} {ergonomic}
   size_t InitialHeapSize                          = 8589934592                                {product} {command line}
   size_t MarkStackSize                            = 4194304                                   {product} {ergonomic}
   size_t MaxHeapSize                              = 8589934592                                {product} {command line}
   size_t MinHeapDeltaBytes                        = 4194304                                   {product} {ergonomic}
   size_t MinHeapSize                              = 8589934592                                {product} {command line}
    uintx NonNMethodCodeHeapSize                   = 5826188                                {pd product} {ergonomic}
    uintx NonProfiledCodeHeapSize                  = 122916026                              {pd product} {ergonomic}
    uintx ProfiledCodeHeapSize                     = 122916026                              {pd product} {ergonomic}
    uintx ReservedCodeCacheSize                    = 251658240                              {pd product} {ergonomic}
     bool SegmentedCodeCache                       = true                                      {product} {ergonomic}
   size_t SoftMaxHeapSize                          = 8589934592                             {manageable} {ergonomic}
     bool UseCompressedOops                        = true                           {product lp64_product} {ergonomic}
     bool UseG1GC                                  = true                                      {product} {ergonomic}

Logging:
Log output configuration:
 #0: stdout all=warning uptime,level,tags foldmultilines=false
 #1: stderr all=off uptime,level,tags foldmultilines=false

Environment Variables:
JAVA_HOME=/usr/local/sdkman/candidates/java/current
PATH=/opt/conda/condabin:/usr/local/rvm/gems/ruby-3.3.4/bin:/usr/local/rvm/gems/ruby-3.3.4@global/bin:/usr/local/rvm/rubies/ruby-3.3.4/bin:/home/codespace/.dotnet:/home/codespace/nvm/current/bin:/home/codespace/.php/current/bin:/home/codespace/.python/current/bin:/home/codespace/java/current/bin:/home/codespace/.ruby/current/bin:/home/codespace/.local/bin:/usr/local/python/current/bin:/usr/local/py-utils/bin:/usr/local/oryx:/usr/local/go/bin:/go/bin:/usr/local/sdkman/bin:/usr/local/sdkman/candidates/java/current/bin:/usr/local/sdkman/candidates/gradle/current/bin:/usr/local/sdkman/candidates/maven/current/bin:/usr/local/sdkman/candidates/ant/current/bin:/usr/local/rvm/gems/default/bin:/usr/local/rvm/gems/default@global/bin:/usr/local/rvm/rubies/default/bin:/usr/local/share/rbenv/bin:/usr/local/php/current/bin:/opt/conda/bin:/usr/local/nvs:/usr/local/share/nvm/versions/node/v20.18.1/bin:/usr/local/hugo/bin:/usr/local/sbin:/usr/local/bin:/usr/sbin:/usr/bin:/sbin:/bin:/usr/share/dotnet:~/.dotnet/tools:/root/.local/bin:/usr/local/rvm/bin
SHELL=/bin/bash
LANG=C.UTF-8
TERM=xterm-256color

Active Locale:
LC_ALL=C
LC_COLLATE=C
LC_CTYPE=C
LC_MESSAGES=C
LC_MONETARY=C
LC_NUMERIC=C
LC_TIME=C

Signal Handlers:
   SIGSEGV: crash_handler in libjvm.so, mask=11100100010111111101111111111110, flags=SA_RESTART|SA_SIGINFO, unblocked
    SIGBUS: crash_handler in libjvm.so, mask=11100100010111111101111111111110, flags=SA_RESTART|SA_SIGINFO, unblocked
    SIGFPE: crash_handler in libjvm.so, mask=11100100010111111101111111111110, flags=SA_RESTART|SA_SIGINFO, unblocked
   SIGPIPE: javaSignalHandler in libjvm.so, mask=11100100010111111101111111111110, flags=SA_RESTART|SA_SIGINFO, blocked
   SIGXFSZ: javaSignalHandler in libjvm.so, mask=11100100010111111101111111111110, flags=SA_RESTART|SA_SIGINFO, blocked
    SIGILL: crash_handler in libjvm.so, mask=11100100010111111101111111111110, flags=SA_RESTART|SA_SIGINFO, unblocked
   SIGUSR2: SR_handler in libjvm.so, mask=00000000000000000000000000000000, flags=SA_RESTART|SA_SIGINFO, blocked
    SIGHUP: SIG_DFL, mask=00000000000000000000000000000000, flags=none, blocked
    SIGINT: SIG_DFL, mask=00000000000000000000000000000000, flags=none, blocked
   SIGTERM: SIG_DFL, mask=00000000000000000000000000000000, flags=none, blocked
   SIGQUIT: UserHandler in libjvm.so, mask=11100100010111111101111111111110, flags=SA_RESTART|SA_SIGINFO, blocked
   SIGTRAP: crash_handler in libjvm.so, mask=11100100010111111101111111111110, flags=SA_RESTART|SA_SIGINFO, unblocked


Periodic native trim disabled

---------------  S Y S T E M  ---------------

OS:
DISTRIB_ID=Ubuntu
DISTRIB_RELEASE=20.04
DISTRIB_CODENAME=focal
DISTRIB_DESCRIPTION="Ubuntu 20.04.6 LTS"
uname: Linux 6.5.0-1025-azure #26~22.04.1-Ubuntu SMP Thu Jul 11 22:33:04 UTC 2024 x86_64
OS uptime: 0 days 0:23 hours
libc: glibc 2.31 NPTL 2.31 
rlimit (soft/hard): STACK 8192k/infinity , CORE infinity/infinity , NPROC infinity/infinity , NOFILE 1048576/1048576 , AS infinity/infinity , CPU infinity/infinity , DATA infinity/infinity , FSIZE infinity/infinity , MEMLOCK 8192k/8192k
load average: 0.63 1.43 1.09

/proc/meminfo:
MemTotal:        8119860 kB
MemFree:          179936 kB
MemAvailable:    6281984 kB
Buffers:          126168 kB
Cached:          6073696 kB
SwapCached:            0 kB
Active:          2164224 kB
Inactive:        5229484 kB
Active(anon):    1069716 kB
Inactive(anon):   196492 kB
Active(file):    1094508 kB
Inactive(file):  5032992 kB
Unevictable:       30920 kB
Mlocked:           27848 kB
SwapTotal:             0 kB
SwapFree:              0 kB
Zswap:                 0 kB
Zswapped:              0 kB
Dirty:               596 kB
Writeback:             0 kB
AnonPages:       1187108 kB
Mapped:           498836 kB
Shmem:             63116 kB
KReclaimable:     288112 kB
Slab:             376152 kB
SReclaimable:     288112 kB
SUnreclaim:        88040 kB
KernelStack:        8880 kB
PageTables:        19644 kB
SecPageTables:         0 kB
NFS_Unstable:          0 kB
Bounce:                0 kB
WritebackTmp:          0 kB
CommitLimit:     4059928 kB
Committed_AS:    4011476 kB
VmallocTotal:   34359738367 kB
VmallocUsed:       43240 kB
VmallocChunk:          0 kB
Percpu:             1096 kB
HardwareCorrupted:     0 kB
AnonHugePages:    499712 kB
ShmemHugePages:        0 kB
ShmemPmdMapped:        0 kB
FileHugePages:         0 kB
FilePmdMapped:         0 kB
Unaccepted:            0 kB
HugePages_Total:       0
HugePages_Free:        0
HugePages_Rsvd:        0
HugePages_Surp:        0
Hugepagesize:       2048 kB
Hugetlb:               0 kB
DirectMap4k:      133056 kB
DirectMap2M:     4061184 kB
DirectMap1G:     6291456 kB

/sys/kernel/mm/transparent_hugepage/enabled: [always] madvise never
/sys/kernel/mm/transparent_hugepage/hpage_pmd_size: 2097152
/sys/kernel/mm/transparent_hugepage/defrag (defrag/compaction efforts parameter): always defer defer+madvise [madvise] never

Process Memory:
Virtual Size: 885396K (peak: 9269512K)
Resident Set Size: 20596K (peak: 20596K) (anon: 6772K, file: 13824K, shmem: 0K)
Swapped out: 0K
C-Heap outstanding allocations: 9706K, retained: 605K
glibc malloc tunables: (default)

/proc/sys/kernel/threads-max (system-wide limit on the number of threads): 63387
/proc/sys/vm/max_map_count (maximum number of memory map areas a process may have): 65530
/proc/sys/vm/swappiness (control to define how aggressively the kernel swaps out anonymous memory): 60
/proc/sys/kernel/pid_max (system-wide limit on number of process identifiers): 4194304

container (cgroup) information:
container_type: cgroupv2
cpu_cpuset_cpus: not supported
cpu_memory_nodes: not supported
active_processor_count: 2
cpu_quota: no quota
cpu_period: 100000
cpu_shares: no shares
memory_limit_in_bytes: unlimited
memory_and_swap_limit_in_bytes: unlimited
memory_soft_limit_in_bytes: unlimited
memory_usage_in_bytes: 2588952 k
memory_max_usage_in_bytes: not supported
memory_swap_current_in_bytes: unlimited
memory_swap_max_limit_in_bytes: unlimited
maximum number of tasks: unlimited
current number of tasks: 138

Hyper-V virtualization detected
Steal ticks since vm start: 0
Steal ticks percentage since vm start:  0.000

CPU: total 2 (initial active 2) (16 cores per cpu, 2 threads per core) family 25 model 1 stepping 1 microcode 0xffffffff, cx8, cmov, fxsr, ht, mmx, 3dnowpref, sse, sse2, sse3, ssse3, sse4a, sse4.1, sse4.2, popcnt, lzcnt, tsc, tscinvbit, avx, avx2, aes, erms, clmul, bmi1, bmi2, adx, sha, fma, vzeroupper, clflush, clflushopt, hv, rdtscp, rdpid, fsrm, f16c, cet_ss
CPU Model and flags from /proc/cpuinfo:
model name	: AMD EPYC 7763 64-Core Processor
flags		: fpu vme de pse tsc msr pae mce cx8 apic sep mtrr pge mca cmov pat pse36 clflush mmx fxsr sse sse2 ht syscall nx mmxext fxsr_opt pdpe1gb rdtscp lm constant_tsc rep_good nopl tsc_reliable nonstop_tsc cpuid extd_apicid aperfmperf pni pclmulqdq ssse3 fma cx16 pcid sse4_1 sse4_2 movbe popcnt aes xsave avx f16c rdrand hypervisor lahf_lm cmp_legacy svm cr8_legacy abm sse4a misalignsse 3dnowprefetch osvw topoext invpcid_single vmmcall fsgsbase bmi1 avx2 smep bmi2 erms invpcid rdseed adx smap clflushopt clwb sha_ni xsaveopt xsavec xgetbv1 xsaves clzero xsaveerptr rdpru arat npt nrip_save tsc_scale vmcb_clean flushbyasid decodeassists pausefilter pfthreshold v_vmsave_vmload umip vaes vpclmulqdq rdpid fsrm

Online cpus: 0-1
Offline cpus: 
BIOS frequency limitation: <Not Available>
Frequency switch latency (ns): <Not Available>
Available cpu frequencies: <Not Available>
Current governor: <Not Available>
Core performance/turbo boost: <Not Available>

Memory: 4k page, physical 8119860k(6281984k free), swap 0k(0k free)
Page Sizes: 4k

vm_info: OpenJDK 64-Bit Server VM (21.0.5+11-LTS) for linux-amd64 JRE (21.0.5+11-LTS), built on 2024-10-11T23:31:17Z by "MicrosoftCorporation" with gcc 11.3.0

END.
