[03:50:29.794][INFO][CraftTweaker-EarlyInit]: CraftTweaker is running on a Minecraft 1.20.1 production server modded with platform Fabric
[03:50:29.809][INFO][CraftTweaker-EarlyInit]: Successfully injected RecipeFS file system
[03:50:39.122][INFO][CraftTweaker-Plugins]: Successfully identified and loaded plugin farmersdelight:crafttweaker_plugin
[03:50:39.129][INFO][CraftTweaker-Plugins]: Successfully identified and loaded plugin crafttweaker:builtin
[03:50:39.468][INFO][CraftTweaker]: The following mods have explicit CraftTweaker support through the default plugin:
[03:50:39.500][INFO][CraftTweaker]: - 'crafttweaker' at version '14.0.57'
[03:50:39.500][INFO][CraftTweaker]: - 'farmersdelight' at version '1.20.1-2.3.0+refabricated'
[03:50:39.874][INFO][CraftTweaker-ZenCode]: Started loading scripts for loader 'initialize'
[03:50:40.207][INFO][CraftTweaker-ZenCode]: Compiling and executing scripts
[03:50:40.257][INFO][CraftTweaker-ZenCode]: Successfully initialized modules [crafttweaker, expansions]
[03:50:40.377][INFO][CraftTweaker-ZenCode]: Execution for loader 'initialize' completed successfully
[03:51:07.678][INFO][CraftTweaker-ZenCode]: Started loading scripts for loader 'tags'
[03:51:07.718][INFO][CraftTweaker-ZenCode]: Compiling and executing scripts
[03:51:07.769][INFO][CraftTweaker-ZenCode]: Successfully initialized modules [crafttweaker, expansions]
[03:51:07.788][INFO][CraftTweaker-ZenCode]: Execution for loader 'tags' completed successfully
[03:51:12.378][INFO][CraftTweaker]: CraftTweaker reload starting!
[03:51:12.391][INFO][CraftTweaker-ZenCode]: Started loading scripts for loader 'crafttweaker'
[03:51:12.421][INFO][CraftTweaker-ZenCode]: Compiling and executing scripts
[03:51:13.205][INFO][CraftTweaker-ZenCode]: Successfully initialized modules [farmersdelight, mods, crafttweaker, expansions]
[03:51:13.237][INFO][CraftTweaker-ZenCode]: Loading file 'appletrinketfix.zs' with priority 0
[03:51:13.238][INFO][CraftTweaker-ZenCode]: Loading file 'explorers_compass.zs' with priority 0
[03:51:13.238][INFO][CraftTweaker-ZenCode]: Loading file 'logo.zs' with priority 0
[03:51:13.238][INFO][CraftTweaker-ZenCode]: Loading file 'mod_compat.zs' with priority 0
[03:51:13.241][INFO][CraftTweaker-ZenCode]: Loading file 'mods/AlcoCraft+/keg_test.zs' with priority 0
[03:51:13.242][INFO][CraftTweaker-ZenCode]: Loading file 'mods/Spelunkery/ironpickonastick.zs' with priority 0
[03:51:13.242][INFO][CraftTweaker-ZenCode]: Loading file 'mods/[Let's Do] Brewery/hops_based_beers.zs' with priority 0
[03:51:13.245][INFO][CraftTweaker-ZenCode]: Loading file 'nametag.zs' with priority 0
[03:51:13.245][INFO][CraftTweaker-ZenCode]: Loading file 'obsidian_tool_tagging.zs' with priority 0
[03:51:13.256][INFO][CraftTweaker-ZenCode]: Loading file 'remove_prismarite_cluster_trim.zs' with priority 0
[03:51:13.257][INFO][CraftTweaker-ZenCode]: Loading file 'saddle.zs' with priority 0
[03:51:13.257][INFO][CraftTweaker-ZenCode]: Loading file 'stone_tool_materials.zs' with priority 0
[03:51:13.349][INFO][CraftTweaker]: Removing: [minecraft:apple] from tag: <tag:items:trinkets:head/face>
[03:51:13.354][INFO][CraftTweaker]: Removing 'crafting' recipes with output: '<item:explorerscompass:explorerscompass>'
[03:51:13.379][INFO][CraftTweaker]: Adding 'minecraft:crafting' recipe, of type: "shaped", with name: 'crafttweaker:explorers_compass' that outputs: '<item:explorerscompass:explorerscompass>'
[03:51:13.379][INFO][CraftTweaker]: Removing 'crafting' recipes with output: '<item:modrinth_logo_mod:modrinth_logo>'
[03:51:13.389][INFO][CraftTweaker]: Adding: [farm_and_charm:tomato] to tag: <tag:items:c:crops/tomato>
[03:51:13.389][INFO][CraftTweaker]: Adding: [farmersdelight:tomato] to tag: <tag:items:c:crops>
[03:51:13.391][INFO][CraftTweaker]: Registering new items tag with name <tag:items:c:tomato>
[03:51:13.392][INFO][CraftTweaker]: Adding: [farmersdelight:tomato] to tag: <tag:items:c:tomato>
[03:51:13.392][INFO][CraftTweaker]: Adding: [clutter:hops] to tag: <tag:items:c:crops/hops>
[03:51:13.393][INFO][CraftTweaker]: Adding: [alcocraftplus:hop] to tag: <tag:items:c:crops/hops>
[03:51:13.394][INFO][CraftTweaker]: Adding: [farm_and_charm:onion] to tag: <tag:items:c:crops/onion>
[03:51:13.394][INFO][CraftTweaker]: Adding: [duckling:duck_egg] to tag: <tag:items:c:eggs>
[03:51:13.395][INFO][CraftTweaker]: Adding: [duckling:duck_egg] to tag: <tag:items:meadow:egg>
[03:51:13.396][INFO][CraftTweaker]: Adding: [clutter:kiwi_bird_egg] to tag: <tag:items:c:eggs>
[03:51:13.397][INFO][CraftTweaker]: Adding: [clutter:kiwi_bird_egg] to tag: <tag:items:meadow:egg>
[03:51:13.397][INFO][CraftTweaker]: Adding: [clutter:emperor_penguin_egg] to tag: <tag:items:c:eggs>
[03:51:13.398][INFO][CraftTweaker]: Adding: [clutter:emperor_penguin_egg] to tag: <tag:items:meadow:egg>
[03:51:13.399][INFO][CraftTweaker]: Removing 'crafting' recipes with output: '<item:alcocraftplus:keg>'
[03:51:13.408][INFO][CraftTweaker]: Adding 'minecraft:crafting' recipe, of type: "shaped", with name: 'crafttweaker:homestead.keg' that outputs: '<item:alcocraftplus:keg>'
[03:51:13.408][INFO][CraftTweaker]: Registering new items tag with name <tag:items:c:sunflowers>
[03:51:13.409][INFO][CraftTweaker]: Adding: [spawn:sunflower] to tag: <tag:items:c:sunflowers>
[03:51:13.409][INFO][CraftTweaker]: Adding: [minecraft:sunflower] to tag: <tag:items:c:sunflowers>
[03:51:13.411][INFO][CraftTweaker]: Adding 'minecraft:crafting' recipe, of type: "shapeless", with name: 'crafttweaker:sunflower_convert' that outputs: '<item:minecraft:sunflower>'
[03:51:13.412][INFO][CraftTweaker]: Removing 'crafting' recipes with output: '<item:spelunkery:iron_pick_on_a_stick>'
[03:51:13.425][INFO][CraftTweaker]: Adding 'brewery:brewing' recipe, with name: 'crafttweaker:homestead.beer_barley' that outputs: '<item:brewery:beer_barley>'
[03:51:13.425][INFO][CraftTweaker]: Adding 'brewery:brewing' recipe, with name: 'crafttweaker:homestead.beer_haley' that outputs: '<item:brewery:beer_haley>'
[03:51:13.425][INFO][CraftTweaker]: Adding 'brewery:brewing' recipe, with name: 'crafttweaker:homestead.beer_hops' that outputs: '<item:brewery:beer_hops>'
[03:51:13.426][INFO][CraftTweaker]: Adding 'brewery:brewing' recipe, with name: 'crafttweaker:homestead.beer_nettle' that outputs: '<item:brewery:beer_nettle>'
[03:51:13.426][INFO][CraftTweaker]: Adding 'brewery:brewing' recipe, with name: 'crafttweaker:homestead.beer_oat' that outputs: '<item:brewery:beer_oat>'
[03:51:13.426][INFO][CraftTweaker]: Adding 'brewery:brewing' recipe, with name: 'crafttweaker:homestead.beer_wheat' that outputs: '<item:brewery:beer_wheat>'
[03:51:13.427][INFO][CraftTweaker]: Adding 'minecraft:crafting' recipe, of type: "shaped", with name: 'crafttweaker:nametag' that outputs: '<item:minecraft:name_tag>'
[03:51:13.427][INFO][CraftTweaker]: Adding: [obsidianequipment:obsidian_sword] to tag: <tag:items:c:swords>
[03:51:13.428][INFO][CraftTweaker]: Adding: [obsidianequipment:obsidian_sword] to tag: <tag:items:minecraft:tools>
[03:51:13.429][INFO][CraftTweaker]: Adding: [obsidianequipment:obsidian_sword] to tag: <tag:items:minecraft:swords>
[03:51:13.429][INFO][CraftTweaker]: Adding: [obsidianequipment:obsidian_sword] to tag: <tag:items:c:tools>
[03:51:13.430][INFO][CraftTweaker]: Adding: [obsidianequipment:obsidian_sword] to tag: <tag:items:incendium:tools_armor>
[03:51:13.431][INFO][CraftTweaker]: Adding: [obsidianequipment:obsidian_sword] to tag: <tag:items:minecraft:breaks_decorated_pots>
[03:51:13.431][INFO][CraftTweaker]: Adding: [obsidianequipment:obsidian_sword] to tag: <tag:items:ps-keep:all>
[03:51:13.432][INFO][CraftTweaker]: Adding: [obsidianequipment:obsidian_sword] to tag: <tag:items:amendments:goes_in_tripwire_hook>
[03:51:13.433][INFO][CraftTweaker]: Adding: [obsidianequipment:obsidian_axe] to tag: <tag:items:c:axes>
[03:51:13.433][INFO][CraftTweaker]: Adding: [obsidianequipment:obsidian_axe] to tag: <tag:items:minecraft:tools>
[03:51:13.434][INFO][CraftTweaker]: Adding: [obsidianequipment:obsidian_axe] to tag: <tag:items:minecraft:axes>
[03:51:13.435][INFO][CraftTweaker]: Adding: [obsidianequipment:obsidian_axe] to tag: <tag:items:c:tools>
[03:51:13.435][INFO][CraftTweaker]: Adding: [obsidianequipment:obsidian_axe] to tag: <tag:items:incendium:tools_armor>
[03:51:13.436][INFO][CraftTweaker]: Adding: [obsidianequipment:obsidian_axe] to tag: <tag:items:minecraft:breaks_decorated_pots>
[03:51:13.437][INFO][CraftTweaker]: Adding: [obsidianequipment:obsidian_axe] to tag: <tag:items:ps-keep:all>
[03:51:13.437][INFO][CraftTweaker]: Adding: [obsidianequipment:obsidian_axe] to tag: <tag:items:incendium:tools>
[03:51:13.438][INFO][CraftTweaker]: Adding: [obsidianequipment:obsidian_axe] to tag: <tag:items:amendments:goes_in_tripwire_hook>
[03:51:13.438][INFO][CraftTweaker]: Adding: [obsidianequipment:obsidian_shovel] to tag: <tag:items:c:shovels>
[03:51:13.439][INFO][CraftTweaker]: Adding: [obsidianequipment:obsidian_shovel] to tag: <tag:items:minecraft:tools>
[03:51:13.439][INFO][CraftTweaker]: Adding: [obsidianequipment:obsidian_shovel] to tag: <tag:items:minecraft:shovels>
[03:51:13.439][INFO][CraftTweaker]: Adding: [obsidianequipment:obsidian_shovel] to tag: <tag:items:c:tools>
[03:51:13.440][INFO][CraftTweaker]: Adding: [obsidianequipment:obsidian_shovel] to tag: <tag:items:incendium:tools_armor>
[03:51:13.440][INFO][CraftTweaker]: Adding: [obsidianequipment:obsidian_shovel] to tag: <tag:items:minecraft:breaks_decorated_pots>
[03:51:13.440][INFO][CraftTweaker]: Adding: [obsidianequipment:obsidian_shovel] to tag: <tag:items:ps-keep:all>
[03:51:13.441][INFO][CraftTweaker]: Adding: [obsidianequipment:obsidian_shovel] to tag: <tag:items:incendium:tools>
[03:51:13.441][INFO][CraftTweaker]: Adding: [obsidianequipment:obsidian_shovel] to tag: <tag:items:amendments:goes_in_tripwire_hook>
[03:51:13.441][INFO][CraftTweaker]: Adding: [obsidianequipment:obsidian_pickaxe] to tag: <tag:items:c:pickaxes>
[03:51:13.442][INFO][CraftTweaker]: Adding: [obsidianequipment:obsidian_pickaxe] to tag: <tag:items:minecraft:tools>
[03:51:13.442][INFO][CraftTweaker]: Adding: [obsidianequipment:obsidian_pickaxe] to tag: <tag:items:minecraft:pickaxes>
[03:51:13.442][INFO][CraftTweaker]: Adding: [obsidianequipment:obsidian_pickaxe] to tag: <tag:items:c:tools>
[03:51:13.443][INFO][CraftTweaker]: Adding: [obsidianequipment:obsidian_pickaxe] to tag: <tag:items:incendium:tools_armor>
[03:51:13.443][INFO][CraftTweaker]: Adding: [obsidianequipment:obsidian_pickaxe] to tag: <tag:items:minecraft:breaks_decorated_pots>
[03:51:13.443][INFO][CraftTweaker]: Adding: [obsidianequipment:obsidian_pickaxe] to tag: <tag:items:ps-keep:all>
[03:51:13.444][INFO][CraftTweaker]: Adding: [obsidianequipment:obsidian_pickaxe] to tag: <tag:items:incendium:tools>
[03:51:13.444][INFO][CraftTweaker]: Adding: [obsidianequipment:obsidian_pickaxe] to tag: <tag:items:amendments:goes_in_tripwire_hook>
[03:51:13.444][INFO][CraftTweaker]: Adding: [obsidianequipment:obsidian_pickaxe] to tag: <tag:items:minecraft:cluster_max_harvestables>
[03:51:13.445][INFO][CraftTweaker]: Adding: [obsidianequipment:obsidian_hoe] to tag: <tag:items:c:hoes>
[03:51:13.445][INFO][CraftTweaker]: Adding: [obsidianequipment:obsidian_hoe] to tag: <tag:items:minecraft:tools>
[03:51:13.445][INFO][CraftTweaker]: Adding: [obsidianequipment:obsidian_hoe] to tag: <tag:items:minecraft:hoes>
[03:51:13.446][INFO][CraftTweaker]: Adding: [obsidianequipment:obsidian_hoe] to tag: <tag:items:c:tools>
[03:51:13.446][INFO][CraftTweaker]: Adding: [obsidianequipment:obsidian_hoe] to tag: <tag:items:incendium:tools_armor>
[03:51:13.446][INFO][CraftTweaker]: Adding: [obsidianequipment:obsidian_hoe] to tag: <tag:items:minecraft:breaks_decorated_pots>
[03:51:13.447][INFO][CraftTweaker]: Adding: [obsidianequipment:obsidian_hoe] to tag: <tag:items:ps-keep:all>
[03:51:13.447][INFO][CraftTweaker]: Adding: [obsidianequipment:obsidian_hoe] to tag: <tag:items:incendium:tools>
[03:51:13.447][INFO][CraftTweaker]: Adding: [obsidianequipment:obsidian_hoe] to tag: <tag:items:amendments:goes_in_tripwire_hook>
[03:51:13.448][INFO][CraftTweaker]: Adding: [obsidianequipment:obsidian_helmet] to tag: <tag:items:c:armors>
[03:51:13.448][INFO][CraftTweaker]: Adding: [obsidianequipment:obsidian_helmet] to tag: <tag:items:bookshelf:armor>
[03:51:13.448][INFO][CraftTweaker]: Adding: [obsidianequipment:obsidian_helmet] to tag: <tag:items:ps-keep:all>
[03:51:13.449][INFO][CraftTweaker]: Adding: [obsidianequipment:obsidian_helmet] to tag: <tag:items:minecraft:trimmable_armor>
[03:51:13.449][INFO][CraftTweaker]: Adding: [obsidianequipment:obsidian_helmet] to tag: <tag:items:incendium:tools_armor>
[03:51:13.450][INFO][CraftTweaker]: Adding: [obsidianequipment:obsidian_helmet] to tag: <tag:items:bookshelf:helmets>
[03:51:13.450][INFO][CraftTweaker]: Adding: [obsidianequipment:obsidian_helmet] to tag: <tag:items:incendium:armor>
[03:51:13.450][INFO][CraftTweaker]: Adding: [obsidianequipment:obsidian_helmet] to tag: <tag:items:c:helmets>
[03:51:13.451][INFO][CraftTweaker]: Adding: [obsidianequipment:obsidian_helmet] to tag: <tag:items:c:armor>
[03:51:13.451][INFO][CraftTweaker]: Adding: [obsidianequipment:obsidian_chestplate] to tag: <tag:items:c:armors>
[03:51:13.451][INFO][CraftTweaker]: Adding: [obsidianequipment:obsidian_chestplate] to tag: <tag:items:bookshelf:armor>
[03:51:13.452][INFO][CraftTweaker]: Adding: [obsidianequipment:obsidian_chestplate] to tag: <tag:items:ps-keep:all>
[03:51:13.452][INFO][CraftTweaker]: Adding: [obsidianequipment:obsidian_chestplate] to tag: <tag:items:minecraft:trimmable_armor>
[03:51:13.452][INFO][CraftTweaker]: Adding: [obsidianequipment:obsidian_chestplate] to tag: <tag:items:incendium:tools_armor>
[03:51:13.453][INFO][CraftTweaker]: Adding: [obsidianequipment:obsidian_chestplate] to tag: <tag:items:bookshelf:chestplates>
[03:51:13.453][INFO][CraftTweaker]: Adding: [obsidianequipment:obsidian_chestplate] to tag: <tag:items:incendium:armor>
[03:51:13.453][INFO][CraftTweaker]: Adding: [obsidianequipment:obsidian_chestplate] to tag: <tag:items:c:chestplates>
[03:51:13.454][INFO][CraftTweaker]: Adding: [obsidianequipment:obsidian_chestplate] to tag: <tag:items:c:armor>
[03:51:13.454][INFO][CraftTweaker]: Adding: [obsidianequipment:obsidian_leggings] to tag: <tag:items:c:armors>
[03:51:13.454][INFO][CraftTweaker]: Adding: [obsidianequipment:obsidian_leggings] to tag: <tag:items:bookshelf:armor>
[03:51:13.455][INFO][CraftTweaker]: Adding: [obsidianequipment:obsidian_leggings] to tag: <tag:items:ps-keep:all>
[03:51:13.455][INFO][CraftTweaker]: Adding: [obsidianequipment:obsidian_leggings] to tag: <tag:items:minecraft:trimmable_armor>
[03:51:13.456][INFO][CraftTweaker]: Adding: [obsidianequipment:obsidian_leggings] to tag: <tag:items:incendium:tools_armor>
[03:51:13.456][INFO][CraftTweaker]: Adding: [obsidianequipment:obsidian_leggings] to tag: <tag:items:bookshelf:leggings>
[03:51:13.456][INFO][CraftTweaker]: Adding: [obsidianequipment:obsidian_leggings] to tag: <tag:items:incendium:armor>
[03:51:13.457][INFO][CraftTweaker]: Adding: [obsidianequipment:obsidian_leggings] to tag: <tag:items:c:leggings>
[03:51:13.457][INFO][CraftTweaker]: Adding: [obsidianequipment:obsidian_leggings] to tag: <tag:items:c:armor>
[03:51:13.457][INFO][CraftTweaker]: Adding: [obsidianequipment:obsidian_boots] to tag: <tag:items:c:armors>
[03:51:13.458][INFO][CraftTweaker]: Adding: [obsidianequipment:obsidian_boots] to tag: <tag:items:bookshelf:armor>
[03:51:13.458][INFO][CraftTweaker]: Adding: [obsidianequipment:obsidian_boots] to tag: <tag:items:ps-keep:all>
[03:51:13.458][INFO][CraftTweaker]: Adding: [obsidianequipment:obsidian_boots] to tag: <tag:items:minecraft:trimmable_armor>
[03:51:13.459][INFO][CraftTweaker]: Adding: [obsidianequipment:obsidian_boots] to tag: <tag:items:incendium:tools_armor>
[03:51:13.459][INFO][CraftTweaker]: Adding: [obsidianequipment:obsidian_boots] to tag: <tag:items:bookshelf:boots>
[03:51:13.459][INFO][CraftTweaker]: Adding: [obsidianequipment:obsidian_boots] to tag: <tag:items:incendium:armor>
[03:51:13.460][INFO][CraftTweaker]: Adding: [obsidianequipment:obsidian_boots] to tag: <tag:items:c:boots>
[03:51:13.460][INFO][CraftTweaker]: Adding: [obsidianequipment:obsidian_boots] to tag: <tag:items:c:armor>
[03:51:13.460][INFO][CraftTweaker]: Adding: [obsidianequipment:obsidian_horse_armor] to tag: <tag:items:ps-keep:all>
[03:51:13.461][INFO][CraftTweaker]: Removing: [regions_unexplored:prismarite_cluster] from tag: <tag:items:minecraft:trim_materials>
[03:51:13.462][INFO][CraftTweaker]: Adding 'minecraft:crafting' recipe, of type: "shaped", with name: 'crafttweaker:saddle' that outputs: '<item:minecraft:saddle>'
[03:51:13.462][INFO][CraftTweaker]: Adding: [biomeswevegone:rocky_stone] to tag: <tag:items:minecraft:stone_tool_materials>
[03:51:13.462][INFO][CraftTweaker-ZenCode]: Execution for loader 'crafttweaker' completed successfully
[03:51:13.465][INFO][CraftTweaker]: CraftTweaker reload complete!
[03:51:13.465][INFO][CraftTweaker]: This reload was made possible by Genryu and more! Become a patron at https://patreon.com/jaredlll08?s=crtmod
