[12:53:02] [ServerMain/INFO]: [bootstrap] Running Java 21 (OpenJDK 64-Bit Server VM 21.0.6+7-LTS; Microsoft Microsoft-10800198) on Linux 6.8.0-1026-azure (amd64)
[12:53:02] [ServerMain/INFO]: [bootstrap] Loading Paper 1.21.5-28-main@55f2020 (2025-04-22T20:12:27Z) for Minecraft 1.21.5
[12:53:02] [ServerMain/INFO]: [PluginInitializerManager] Initializing plugins...
[12:53:03] [ServerMain/INFO]: [PluginInitializerManager] Initialized 0 plugins
[12:53:09] [ServerMain/INFO]: Environment: Environment[sessionHost=https://sessionserver.mojang.com, servicesHost=https://api.minecraftservices.com, name=PROD]
[12:53:11] [ServerMain/INFO]: Loaded 1373 recipes
[12:53:11] [ServerMain/INFO]: Loaded 1484 advancements
[12:53:11] [Server thread/INFO]: Starting minecraft server version 1.21.5
[12:53:11] [Server thread/INFO]: Loading properties
[12:53:12] [Server thread/INFO]: This server is running Paper version 1.21.5-28-main@55f2020 (2025-04-22T20:12:27Z) (Implementing API version 1.21.5-R0.1-SNAPSHOT)
[12:53:12] [Server thread/INFO]: [spark] This server bundles the spark profiler. For more information please visit https://docs.papermc.io/paper/profiling
[12:53:12] [Server thread/INFO]: Server Ping Player Sample Count: 12
[12:53:12] [Server thread/INFO]: Using 4 threads for Netty based IO
[12:53:12] [Server thread/INFO]: [MoonriseCommon] Paper is using 1 worker threads, 1 I/O threads
[12:53:12] [Server thread/INFO]: [ChunkTaskScheduler] Chunk system is using population gen parallelism: true
[12:53:13] [Server thread/INFO]: Default game type: SURVIVAL
[12:53:13] [Server thread/INFO]: Generating keypair
[12:53:13] [Server thread/INFO]: Starting Minecraft server on *:25565
[12:53:13] [Server thread/INFO]: Using epoll channel type
[12:53:13] [Server thread/INFO]: Paper: Using libdeflate (Linux x86_64) compression from Velocity.
[12:53:13] [Server thread/INFO]: Paper: Using OpenSSL 1.1.x (Linux x86_64) cipher from Velocity.
[12:53:13] [Server thread/INFO]: Server permissions file permissions.yml is empty, ignoring it
[12:53:13] [Server thread/WARN]: **** SERVER IS RUNNING IN OFFLINE/INSECURE MODE!
[12:53:13] [Server thread/WARN]: The server will make no attempt to authenticate usernames. Beware.
[12:53:13] [Server thread/WARN]: While this makes the game possible to play without internet access, it also opens up the ability for hackers to connect with any username they choose.
[12:53:13] [Server thread/WARN]: To change this, set "online-mode" to "true" in the server.properties file.
[12:53:13] [Server thread/INFO]: Preparing level "world"
[12:53:14] [Server thread/INFO]: Preparing start region for dimension minecraft:overworld
[12:53:14] [Server thread/INFO]: Preparing spawn area: 0%
[12:53:15] [Server thread/INFO]: Preparing spawn area: 0%
[12:53:15] [Server thread/INFO]: Preparing spawn area: 0%
[12:53:15] [Server thread/INFO]: Preparing spawn area: 79%
[12:53:16] [Server thread/INFO]: Time elapsed: 1605 ms
[12:53:16] [Server thread/INFO]: Preparing start region for dimension minecraft:the_nether
[12:53:16] [Server thread/INFO]: Preparing spawn area: 0%
[12:53:16] [Server thread/INFO]: Time elapsed: 491 ms
[12:53:16] [Server thread/INFO]: Preparing start region for dimension minecraft:the_end
[12:53:16] [Server thread/INFO]: Preparing spawn area: 0%
[12:53:16] [Server thread/INFO]: Time elapsed: 367 ms
[12:53:17] [Server thread/INFO]: [spark] Starting background profiler...
[12:53:18] [Server thread/INFO]: Done preparing level "world" (4.605s)
[12:53:18] [Server thread/INFO]: Running delayed init tasks
[12:53:18] [Server thread/INFO]: Done (17.419s)! For help, type "help"
[12:53:18] [Server thread/INFO]: Saving the game (this may take a moment!)
[12:53:18] [Server thread/INFO]: Saved the game
[12:57:56] [Server thread/INFO]: Saving the game (this may take a moment!)
[12:57:56] [Server thread/INFO]: Saved the game
